Run: 1 | Epoch: 17
	Learning Rate: 1.0000000000000004e-08
Train time in 0 minutes, 25 seconds
Pred time in 0 minutes, 0 seconds
	Train Distance Loss: 0.0205	Dev Distance Loss: 0.0209
	Test UUAS: 0.8384	Test Distance DSpr.: 0.8823
--------------------------------------------------
Run: 2 | Epoch: 20
	Learning Rate: 1.0000000000000004e-08
Train time in 0 minutes, 25 seconds
Pred time in 0 minutes, 0 seconds
	Train Distance Loss: 0.0204	Dev Distance Loss: 0.0209
	Test UUAS: 0.8394	Test Distance DSpr.: 0.8830
--------------------------------------------------
Run: 3 | Epoch: 16
	Learning Rate: 1.0000000000000004e-08
Train time in 0 minutes, 25 seconds
Pred time in 0 minutes, 0 seconds
	Train Distance Loss: 0.0206	Dev Distance Loss: 0.0210
	Test UUAS: 0.8376	Test Distance DSpr.: 0.8816
--------------------------------------------------
Run: 4 | Epoch: 16
	Learning Rate: 1.0000000000000004e-08
Train time in 0 minutes, 25 seconds
Pred time in 0 minutes, 0 seconds
	Train Distance Loss: 0.0205	Dev Distance Loss: 0.0209
	Test UUAS: 0.8389	Test Distance DSpr.: 0.8825
--------------------------------------------------
Run: 5 | Epoch: 14
	Learning Rate: 1.0000000000000004e-08
Train time in 0 minutes, 25 seconds
Pred time in 0 minutes, 0 seconds
	Train Distance Loss: 0.0206	Dev Distance Loss: 0.0210
	Test UUAS: 0.8360	Test Distance DSpr.: 0.8817
--------------------------------------------------
Avg UUAS: 0.8381
Avg Distance DSpr.: 0.8822
