Run: 1 | Epoch: 16
	Learning Rate: 1.0000000000000004e-08
Train time in 0 minutes, 26 seconds
Pred time in 0 minutes, 0 seconds
	Train Distance Loss: 0.0241	Dev Distance Loss: 0.0245
	Test UUAS: 0.8020	Test Distance DSpr.: 0.8424
--------------------------------------------------
Run: 2 | Epoch: 15
	Learning Rate: 1.0000000000000004e-08
Train time in 0 minutes, 25 seconds
Pred time in 0 minutes, 0 seconds
	Train Distance Loss: 0.0241	Dev Distance Loss: 0.0245
	Test UUAS: 0.8020	Test Distance DSpr.: 0.8423
--------------------------------------------------
Run: 3 | Epoch: 16
	Learning Rate: 1.0000000000000004e-08
Train time in 0 minutes, 25 seconds
Pred time in 0 minutes, 0 seconds
	Train Distance Loss: 0.0241	Dev Distance Loss: 0.0245
	Test UUAS: 0.8021	Test Distance DSpr.: 0.8424
--------------------------------------------------
Run: 4 | Epoch: 17
	Learning Rate: 1.0000000000000004e-08
Train time in 0 minutes, 25 seconds
Pred time in 0 minutes, 0 seconds
	Train Distance Loss: 0.0241	Dev Distance Loss: 0.0245
	Test UUAS: 0.8018	Test Distance DSpr.: 0.8424
--------------------------------------------------
Run: 5 | Epoch: 20
	Learning Rate: 1.0000000000000004e-08
Train time in 0 minutes, 25 seconds
Pred time in 0 minutes, 0 seconds
	Train Distance Loss: 0.0241	Dev Distance Loss: 0.0245
	Test UUAS: 0.8018	Test Distance DSpr.: 0.8423
--------------------------------------------------
Avg UUAS: 0.8019
Avg Distance DSpr.: 0.8424
