Run: 1 | Epoch: 17
	Learning Rate: 1.0000000000000004e-08
Train time in 0 minutes, 29 seconds
Pred time in 0 minutes, 1 seconds
	Train Distance Loss: 0.0204	Dev Distance Loss: 0.0209
	Test UUAS: 0.8399	Test Distance DSpr.: 0.8826
--------------------------------------------------
Run: 2 | Epoch: 16
	Learning Rate: 1.0000000000000004e-08
Train time in 0 minutes, 29 seconds
Pred time in 0 minutes, 1 seconds
	Train Distance Loss: 0.0205	Dev Distance Loss: 0.0209
	Test UUAS: 0.8389	Test Distance DSpr.: 0.8822
--------------------------------------------------
Run: 3 | Epoch: 16
	Learning Rate: 1.0000000000000004e-08
Train time in 0 minutes, 29 seconds
Pred time in 0 minutes, 1 seconds
	Train Distance Loss: 0.0205	Dev Distance Loss: 0.0209
	Test UUAS: 0.8361	Test Distance DSpr.: 0.8822
--------------------------------------------------
Run: 4 | Epoch: 13
	Learning Rate: 1.0000000000000004e-08
Train time in 0 minutes, 29 seconds
Pred time in 0 minutes, 1 seconds
	Train Distance Loss: 0.0207	Dev Distance Loss: 0.0210
	Test UUAS: 0.8370	Test Distance DSpr.: 0.8812
--------------------------------------------------
Run: 5 | Epoch: 12
	Learning Rate: 1.0000000000000004e-08
Train time in 0 minutes, 29 seconds
Pred time in 0 minutes, 1 seconds
	Train Distance Loss: 0.0207	Dev Distance Loss: 0.0210
	Test UUAS: 0.8377	Test Distance DSpr.: 0.8817
--------------------------------------------------
Avg UUAS: 0.8379
Avg Distance DSpr.: 0.8820
